{"uuid":"3958dc6f-91e9-4139-9efc-d82c2ae30300","historyId":"585c813e518fd9ca83d6346fafa5de64","fullName":"ecommerce.testcases.LoginPageTestCases.LoginFirstTest","labels":[{"name":"package","value":"ecommerce.testcases.LoginPageTestCases"},{"name":"testClass","value":"ecommerce.testcases.LoginPageTestCases"},{"name":"testMethod","value":"LoginFirstTest"},{"name":"parentSuite","value":"Default Suite"},{"name":"suite","value":"Default XmlTest name 7008acd9-d000-40cc-a0cb-2e939da0826e"},{"name":"subSuite","value":"ecommerce.testcases.LoginPageTestCases"},{"name":"host","value":"Sunil-Chauhan"},{"name":"thread","value":"16044@Sunil-Chauhan.TestNG-test=Default XmlTest name 7008acd9-d000-40cc-a0cb-2e939da0826e-1(22)"},{"name":"framework","value":"testng"},{"name":"language","value":"java"}],"links":[],"name":"LoginFirstTest","status":"broken","statusDetails":{"known":false,"muted":false,"flaky":false,"message":"Not able to click in the Accept cookies button","trace":"java.lang.RuntimeException: Not able to click in the Accept cookies button\r\n\tat framework.core.Action.Click(Action.java:129)\r\n\tat ecommerce.pages.HomePage.acceptingBrowserCookeis(HomePage.java:34)\r\n\tat ecommerce.pages.HomePage.navigateToHomePage(HomePage.java:19)\r\n\tat ecommerce.entities.GuestUser.navigateToHomePage(GuestUser.java:12)\r\n\tat ecommerce.testcases.LoginPageTestCases.LoginFirstTest(LoginPageTestCases.java:23)\r\n\tat java.base/jdk.internal.reflect.NativeMethodAccessorImpl.invoke0(Native Method)\r\n\tat java.base/jdk.internal.reflect.NativeMethodAccessorImpl.invoke(NativeMethodAccessorImpl.java:77)\r\n\tat java.base/jdk.internal.reflect.DelegatingMethodAccessorImpl.invoke(DelegatingMethodAccessorImpl.java:43)\r\n\tat java.base/java.lang.reflect.Method.invoke(Method.java:568)\r\n\tat org.testng.internal.invokers.MethodInvocationHelper.invokeMethod(MethodInvocationHelper.java:139)\r\n\tat org.testng.internal.invokers.MethodInvocationHelper$1.runTestMethod(MethodInvocationHelper.java:258)\r\n\tat framework.testNG.TestMonitor.run(TestMonitor.java:55)\r\n\tat org.testng.internal.invokers.MethodInvocationHelper.invokeHookable(MethodInvocationHelper.java:272)\r\n\tat org.testng.internal.invokers.TestInvoker.invokeMethod(TestInvoker.java:656)\r\n\tat org.testng.internal.invokers.TestInvoker.invokeTestMethod(TestInvoker.java:227)\r\n\tat org.testng.internal.invokers.MethodRunner.runInSequence(MethodRunner.java:50)\r\n\tat org.testng.internal.invokers.TestInvoker$MethodInvocationAgent.invoke(TestInvoker.java:957)\r\n\tat org.testng.internal.invokers.TestInvoker.invokeTestMethods(TestInvoker.java:200)\r\n\tat org.testng.internal.invokers.TestMethodWorker.invokeTestMethods(TestMethodWorker.java:148)\r\n\tat org.testng.internal.invokers.TestMethodWorker.run(TestMethodWorker.java:128)\r\n\tat java.base/java.util.concurrent.ThreadPoolExecutor.runWorker(ThreadPoolExecutor.java:1136)\r\n\tat java.base/java.util.concurrent.ThreadPoolExecutor$Worker.run(ThreadPoolExecutor.java:635)\r\n\tat java.base/java.lang.Thread.run(Thread.java:833)\r\nCaused by: java.lang.RuntimeException: //*[@id='onetrust-accept-btn-handler'] not present in the page. \r\n\tat framework.core.Action.WaitForElementPresence(Action.java:89)\r\n\tat framework.core.Action.Click(Action.java:118)\r\n\t... 22 more\r\nCaused by: org.openqa.selenium.WebDriverException: java.net.ConnectException: Connection refused: no further information: localhost/[0:0:0:0:0:0:0:1]:18248\nBuild info: version: '4.9.1', revision: 'eb2032df7f'\nSystem info: os.name: 'Windows 11', os.arch: 'amd64', os.version: '10.0', java.version: '17.0.7'\nDriver info: org.openqa.selenium.remote.RemoteWebDriver\nCommand: [127347d91363c3ce04ddadd9fed7aa08, findElement {using=xpath, value=//*[@id='onetrust-accept-btn-handler']}]\nCapabilities {acceptInsecureCerts: false, browserName: chrome, browserVersion: 114.0.5735.110, chrome: {chromedriverVersion: 114.0.5735.90 (386bc09e8f4f..., userDataDir: C:\\Users\\SUNILC~1\\AppData\\L...}, goog:chromeOptions: {debuggerAddress: localhost:55766}, networkConnectionEnabled: false, pageLoadStrategy: normal, platformName: Windows 11, proxy: Proxy(), se:bidiEnabled: false, se:cdp: ws://192.168.0.102:4444/ses..., se:cdpVersion: 114.0.5735.110, setWindowRect: true, strictFileInteractability: false, timeouts: {implicit: 0, pageLoad: 300000, script: 30000}, unhandledPromptBehavior: dismiss and notify, webauthn:extension:credBlob: true, webauthn:extension:largeBlob: true, webauthn:extension:minPinLength: true, webauthn:extension:prf: true, webauthn:virtualAuthenticators: true}\nSession ID: 127347d91363c3ce04ddadd9fed7aa08\r\n\tat java.base/jdk.internal.reflect.NativeConstructorAccessorImpl.newInstance0(Native Method)\r\n\tat java.base/jdk.internal.reflect.NativeConstructorAccessorImpl.newInstance(NativeConstructorAccessorImpl.java:77)\r\n\tat java.base/jdk.internal.reflect.DelegatingConstructorAccessorImpl.newInstance(DelegatingConstructorAccessorImpl.java:45)\r\n\tat java.base/java.lang.reflect.Constructor.newInstanceWithCaller(Constructor.java:499)\r\n\tat java.base/java.lang.reflect.Constructor.newInstance(Constructor.java:480)\r\n\tat org.openqa.selenium.remote.codec.w3c.W3CHttpResponseCodec.createException(W3CHttpResponseCodec.java:200)\r\n\tat org.openqa.selenium.remote.codec.w3c.W3CHttpResponseCodec.decode(W3CHttpResponseCodec.java:133)\r\n\tat org.openqa.selenium.remote.codec.w3c.W3CHttpResponseCodec.decode(W3CHttpResponseCodec.java:53)\r\n\tat org.openqa.selenium.remote.HttpCommandExecutor.execute(HttpCommandExecutor.java:193)\r\n\tat org.openqa.selenium.remote.TracedCommandExecutor.execute(TracedCommandExecutor.java:51)\r\n\tat org.openqa.selenium.remote.RemoteWebDriver.execute(RemoteWebDriver.java:543)\r\n\tat org.openqa.selenium.remote.ElementLocation$ElementFinder$2.findElement(ElementLocation.java:162)\r\n\tat org.openqa.selenium.remote.ElementLocation.findElement(ElementLocation.java:60)\r\n\tat org.openqa.selenium.remote.RemoteWebDriver.findElement(RemoteWebDriver.java:352)\r\n\tat org.openqa.selenium.remote.RemoteWebDriver.findElement(RemoteWebDriver.java:344)\r\n\tat org.openqa.selenium.support.ui.ExpectedConditions$6.apply(ExpectedConditions.java:174)\r\n\tat org.openqa.selenium.support.ui.ExpectedConditions$6.apply(ExpectedConditions.java:171)\r\n\tat org.openqa.selenium.support.ui.FluentWait.until(FluentWait.java:208)\r\n\tat framework.core.Action.WaitForElementPresence(Action.java:87)\r\n\t... 23 more\r\n"},"stage":"finished","steps":[{"name":"Opening application URL. https://coolstuffqat.fivebelow.com","status":"passed","stage":"finished","steps":[],"attachments":[],"parameters":[],"start":1686044681757,"stop":1686044681759},{"name":"Accpeting browser cookies","status":"passed","stage":"finished","steps":[],"attachments":[],"parameters":[],"start":1686044687659,"stop":1686044687659},{"name":"<a href=../screenshot/LoginFirstTest_2023-Jun-06-15-14-50.PNG target=_blank>SCREENSHOT</a>","status":"passed","stage":"finished","steps":[],"attachments":[],"parameters":[],"start":1686044690828,"stop":1686044690828}],"attachments":[],"parameters":[],"start":1686044681747,"stop":1686044690843}