{"uuid":"78c61568-bd54-4034-a010-7023df20dc01","historyId":"8e4ec024c5c0c5ae5bc56fc14ef96015","fullName":"ecommerce.testcases.AppiumDriverFactoryTestClass.mobileAppTest","labels":[{"name":"package","value":"ecommerce.testcases.AppiumDriverFactoryTestClass"},{"name":"testClass","value":"ecommerce.testcases.AppiumDriverFactoryTestClass"},{"name":"testMethod","value":"mobileAppTest"},{"name":"parentSuite","value":"Default Suite"},{"name":"suite","value":"Test-1"},{"name":"subSuite","value":"ecommerce.testcases.AppiumDriverFactoryTestClass"},{"name":"host","value":"Jignesh"},{"name":"thread","value":"9280@Jignesh.TestNG-test=Test-1-1(31)"},{"name":"framework","value":"testng"},{"name":"language","value":"java"}],"links":[],"name":"mobileAppTest","status":"broken","statusDetails":{"known":false,"muted":false,"flaky":false,"message":"Not able to scroll to the element Web View Btn","trace":"java.lang.RuntimeException: Not able to scroll to the element Web View Btn\r\n\tat framework.appium.core.Action.scrollIntoView(Action.java:599)\r\n\tat ecommerce.testcases.AppiumDriverFactoryTestClass.mobileAppTest(AppiumDriverFactoryTestClass.java:33)\r\n\tat java.base/jdk.internal.reflect.NativeMethodAccessorImpl.invoke0(Native Method)\r\n\tat java.base/jdk.internal.reflect.NativeMethodAccessorImpl.invoke(NativeMethodAccessorImpl.java:77)\r\n\tat java.base/jdk.internal.reflect.DelegatingMethodAccessorImpl.invoke(DelegatingMethodAccessorImpl.java:43)\r\n\tat java.base/java.lang.reflect.Method.invoke(Method.java:568)\r\n\tat org.testng.internal.invokers.MethodInvocationHelper.invokeMethod(MethodInvocationHelper.java:139)\r\n\tat org.testng.internal.invokers.MethodInvocationHelper$1.runTestMethod(MethodInvocationHelper.java:258)\r\n\tat framework.testNG.TestMonitor.run(TestMonitor.java:129)\r\n\tat org.testng.internal.invokers.MethodInvocationHelper.invokeHookable(MethodInvocationHelper.java:272)\r\n\tat org.testng.internal.invokers.TestInvoker.invokeMethod(TestInvoker.java:656)\r\n\tat org.testng.internal.invokers.TestInvoker.invokeTestMethod(TestInvoker.java:227)\r\n\tat org.testng.internal.invokers.MethodRunner.runInSequence(MethodRunner.java:50)\r\n\tat org.testng.internal.invokers.TestInvoker$MethodInvocationAgent.invoke(TestInvoker.java:957)\r\n\tat org.testng.internal.invokers.TestInvoker.invokeTestMethods(TestInvoker.java:200)\r\n\tat org.testng.internal.invokers.TestMethodWorker.invokeTestMethods(TestMethodWorker.java:148)\r\n\tat org.testng.internal.invokers.TestMethodWorker.run(TestMethodWorker.java:128)\r\n\tat java.base/java.util.concurrent.ThreadPoolExecutor.runWorker(ThreadPoolExecutor.java:1136)\r\n\tat java.base/java.util.concurrent.ThreadPoolExecutor$Worker.run(ThreadPoolExecutor.java:635)\r\n\tat java.base/java.lang.Thread.run(Thread.java:840)\r\nCaused by: org.openqa.selenium.NoSuchElementException: An element could not be located on the page using the given search parameters.\nFor documentation on this error, please visit: https://www.selenium.dev/documentation/webdriver/troubleshooting/errors#no-such-element-exception\nBuild info: version: '4.17.0', revision: 'e52b1be057*'\nSystem info: os.name: 'Windows 11', os.arch: 'amd64', os.version: '10.0', java.version: '17.0.9'\nDriver info: io.appium.java_client.android.AndroidDriver\nCommand: [e777a01f-ef7c-486b-90b3-b7acc12287f8, findElement {value=Animation, using=accessibility id}]\nCapabilities {appium:appActivity: io.appium.android.apis.ApiD..., appium:appPackage: io.appium.android.apis, appium:automationName: UiAutomator2, appium:databaseEnabled: false, appium:desired: {appActivity: io.appium.android.apis.ApiD..., appPackage: io.appium.android.apis, automationName: UiAutomator2, deviceName: Pixel_7_Pro_API_UpsideDownC..., platformName: ANDROID, udid: emulator-5554}, appium:deviceApiLevel: 34, appium:deviceManufacturer: Google, appium:deviceModel: sdk_gphone64_x86_64, appium:deviceName: emulator-5554, appium:deviceScreenDensity: 560, appium:deviceScreenSize: 1440x3120, appium:deviceUDID: emulator-5554, appium:javascriptEnabled: true, appium:locationContextEnabled: false, appium:networkConnectionEnabled: true, appium:pixelRatio: 3.5, appium:platformVersion: 14, appium:statBarHeight: 144, appium:takesScreenshot: true, appium:udid: emulator-5554, appium:viewportRect: {height: 2976, left: 0, top: 144, width: 1440}, appium:warnings: {}, appium:webStorageEnabled: false, platformName: ANDROID}\nSession ID: e777a01f-ef7c-486b-90b3-b7acc12287f8\r\n\tat java.base/jdk.internal.reflect.NativeConstructorAccessorImpl.newInstance0(Native Method)\r\n\tat java.base/jdk.internal.reflect.NativeConstructorAccessorImpl.newInstance(NativeConstructorAccessorImpl.java:77)\r\n\tat java.base/jdk.internal.reflect.DelegatingConstructorAccessorImpl.newInstance(DelegatingConstructorAccessorImpl.java:45)\r\n\tat java.base/java.lang.reflect.Constructor.newInstanceWithCaller(Constructor.java:499)\r\n\tat java.base/java.lang.reflect.Constructor.newInstance(Constructor.java:480)\r\n\tat org.openqa.selenium.remote.codec.w3c.W3CHttpResponseCodec.createException(W3CHttpResponseCodec.java:185)\r\n\tat org.openqa.selenium.remote.codec.w3c.W3CHttpResponseCodec.decode(W3CHttpResponseCodec.java:134)\r\n\tat org.openqa.selenium.remote.codec.w3c.W3CHttpResponseCodec.decode(W3CHttpResponseCodec.java:51)\r\n\tat org.openqa.selenium.remote.HttpCommandExecutor.execute(HttpCommandExecutor.java:190)\r\n\tat io.appium.java_client.remote.AppiumCommandExecutor.execute(AppiumCommandExecutor.java:237)\r\n\tat org.openqa.selenium.remote.RemoteWebDriver.execute(RemoteWebDriver.java:519)\r\n\tat org.openqa.selenium.remote.ElementLocation$ElementFinder$2.findElement(ElementLocation.java:165)\r\n\tat org.openqa.selenium.remote.ElementLocation.findElement(ElementLocation.java:59)\r\n\tat org.openqa.selenium.remote.RemoteWebDriver.findElement(RemoteWebDriver.java:356)\r\n\tat org.openqa.selenium.remote.RemoteWebDriver.findElement(RemoteWebDriver.java:350)\r\n\tat framework.appium.core.Action.findElement(Action.java:82)\r\n\tat framework.appium.core.Action.scrollIntoView(Action.java:591)\r\n\t... 19 more\r\n"},"stage":"finished","steps":[{"name":"<font face=\"Calibri, sans-serif\"><a href=../screenshot/mobileAppTest_2024-Feb-18-16-23-31.PNG target=_blank>SCREENSHOT</a></font>","status":"passed","stage":"finished","steps":[],"attachments":[],"parameters":[],"start":1708253611705,"stop":1708253611705}],"attachments":[{"name":"mobileAppTest","source":"fcec1458-da80-43f4-a342-9217af22b7ab-attachment"}],"parameters":[{"name":"appiumServerPort","value":"7500"},{"name":"appiumServerHost","value":"localhost"}],"start":1708253606189,"stop":1708253611710}