{"uuid":"7aae4632-2d9c-4dc5-98c6-d38421407483","historyId":"585c813e518fd9ca83d6346fafa5de64","fullName":"ecommerce.testcases.LoginPageTestCases.LoginFirstTest","labels":[{"name":"package","value":"ecommerce.testcases.LoginPageTestCases"},{"name":"testClass","value":"ecommerce.testcases.LoginPageTestCases"},{"name":"testMethod","value":"LoginFirstTest"},{"name":"parentSuite","value":"Default Suite"},{"name":"suite","value":"Default XmlTest name b615a735-f40c-475f-9718-9433bf420d12"},{"name":"subSuite","value":"ecommerce.testcases.LoginPageTestCases"},{"name":"host","value":"Sunil-Chauhan"},{"name":"thread","value":"18368@Sunil-Chauhan.TestNG-test=Default XmlTest name b615a735-f40c-475f-9718-9433bf420d12-1(22)"},{"name":"framework","value":"testng"},{"name":"language","value":"java"}],"links":[],"name":"LoginFirstTest","status":"broken","statusDetails":{"known":false,"muted":false,"flaky":false,"message":"Not able to click in the Accept cookies button","trace":"java.lang.RuntimeException: Not able to click in the Accept cookies button\r\n\tat framework.core.Action.Click(Action.java:129)\r\n\tat ecommerce.pages.HomePage.acceptingBrowserCookeis(HomePage.java:34)\r\n\tat ecommerce.pages.HomePage.navigateToHomePage(HomePage.java:19)\r\n\tat ecommerce.entities.GuestUser.navigateToHomePage(GuestUser.java:12)\r\n\tat ecommerce.testcases.LoginPageTestCases.LoginFirstTest(LoginPageTestCases.java:24)\r\n\tat java.base/jdk.internal.reflect.NativeMethodAccessorImpl.invoke0(Native Method)\r\n\tat java.base/jdk.internal.reflect.NativeMethodAccessorImpl.invoke(NativeMethodAccessorImpl.java:77)\r\n\tat java.base/jdk.internal.reflect.DelegatingMethodAccessorImpl.invoke(DelegatingMethodAccessorImpl.java:43)\r\n\tat java.base/java.lang.reflect.Method.invoke(Method.java:568)\r\n\tat org.testng.internal.invokers.MethodInvocationHelper.invokeMethod(MethodInvocationHelper.java:139)\r\n\tat org.testng.internal.invokers.MethodInvocationHelper$1.runTestMethod(MethodInvocationHelper.java:258)\r\n\tat framework.testNG.TestMonitor.run(TestMonitor.java:55)\r\n\tat org.testng.internal.invokers.MethodInvocationHelper.invokeHookable(MethodInvocationHelper.java:272)\r\n\tat org.testng.internal.invokers.TestInvoker.invokeMethod(TestInvoker.java:656)\r\n\tat org.testng.internal.invokers.TestInvoker.invokeTestMethod(TestInvoker.java:227)\r\n\tat org.testng.internal.invokers.MethodRunner.runInSequence(MethodRunner.java:50)\r\n\tat org.testng.internal.invokers.TestInvoker$MethodInvocationAgent.invoke(TestInvoker.java:957)\r\n\tat org.testng.internal.invokers.TestInvoker.invokeTestMethods(TestInvoker.java:200)\r\n\tat org.testng.internal.invokers.TestMethodWorker.invokeTestMethods(TestMethodWorker.java:148)\r\n\tat org.testng.internal.invokers.TestMethodWorker.run(TestMethodWorker.java:128)\r\n\tat java.base/java.util.concurrent.ThreadPoolExecutor.runWorker(ThreadPoolExecutor.java:1136)\r\n\tat java.base/java.util.concurrent.ThreadPoolExecutor$Worker.run(ThreadPoolExecutor.java:635)\r\n\tat java.base/java.lang.Thread.run(Thread.java:833)\r\nCaused by: java.lang.RuntimeException: //*[@id='onetrust-accept-btn-handler'] not present in the page. \r\n\tat framework.core.Action.WaitForElementPresence(Action.java:89)\r\n\tat framework.core.Action.Click(Action.java:118)\r\n\t... 22 more\r\nCaused by: org.openqa.selenium.TimeoutException: Expected condition failed: waiting for presence of element located by: By.xpath: //*[@id='onetrust-accept-btn-handler'] (tried for 90 second(s) with 500 milliseconds interval)\r\n\tat org.openqa.selenium.support.ui.WebDriverWait.timeoutException(WebDriverWait.java:84)\r\n\tat org.openqa.selenium.support.ui.FluentWait.until(FluentWait.java:230)\r\n\tat framework.core.Action.WaitForElementPresence(Action.java:87)\r\n\t... 23 more\r\nCaused by: org.openqa.selenium.NoSuchElementException: no such element: Unable to locate element: {\"method\":\"xpath\",\"selector\":\"//*[@id='onetrust-accept-btn-handler']\"}\n  (Session info: chrome=120.0.6099.111)\nFor documentation on this error, please visit: https://www.selenium.dev/documentation/webdriver/troubleshooting/errors#no-such-element-exception\nBuild info: version: '4.12.1', revision: '8e34639b11'\nSystem info: os.name: 'Windows 11', os.arch: 'amd64', os.version: '10.0', java.version: '17.0.7'\nDriver info: org.openqa.selenium.remote.RemoteWebDriver\nCommand: [2e8a00dec9272d15dd75f547f6699deb, findElement {using=xpath, value=//*[@id='onetrust-accept-btn-handler']}]\nCapabilities {acceptInsecureCerts: false, browserName: chrome, browserVersion: 120.0.6099.111, chrome: {chromedriverVersion: 120.0.6099.109 (3419140ab66..., userDataDir: C:\\Users\\SUNILC~1\\AppData\\L...}, fedcm:accounts: true, goog:chromeOptions: {debuggerAddress: localhost:58247}, networkConnectionEnabled: false, pageLoadStrategy: normal, platformName: Windows 11, proxy: Proxy(), se:bidiEnabled: false, se:cdp: ws://192.168.0.106:4444/ses..., se:cdpVersion: 120.0.6099.111, setWindowRect: true, strictFileInteractability: false, timeouts: {implicit: 0, pageLoad: 300000, script: 30000}, unhandledPromptBehavior: dismiss and notify, webauthn:extension:credBlob: true, webauthn:extension:largeBlob: true, webauthn:extension:minPinLength: true, webauthn:extension:prf: true, webauthn:virtualAuthenticators: true}\nSession ID: 2e8a00dec9272d15dd75f547f6699deb\r\n\tat jdk.internal.reflect.GeneratedConstructorAccessor26.newInstance(Unknown Source)\r\n\tat java.base/jdk.internal.reflect.DelegatingConstructorAccessorImpl.newInstance(DelegatingConstructorAccessorImpl.java:45)\r\n\tat java.base/java.lang.reflect.Constructor.newInstanceWithCaller(Constructor.java:499)\r\n\tat java.base/java.lang.reflect.Constructor.newInstance(Constructor.java:480)\r\n\tat org.openqa.selenium.remote.codec.w3c.W3CHttpResponseCodec.createException(W3CHttpResponseCodec.java:200)\r\n\tat org.openqa.selenium.remote.codec.w3c.W3CHttpResponseCodec.decode(W3CHttpResponseCodec.java:133)\r\n\tat org.openqa.selenium.remote.codec.w3c.W3CHttpResponseCodec.decode(W3CHttpResponseCodec.java:52)\r\n\tat org.openqa.selenium.remote.HttpCommandExecutor.execute(HttpCommandExecutor.java:191)\r\n\tat org.openqa.selenium.remote.TracedCommandExecutor.execute(TracedCommandExecutor.java:51)\r\n\tat org.openqa.selenium.remote.RemoteWebDriver.execute(RemoteWebDriver.java:602)\r\n\tat org.openqa.selenium.remote.ElementLocation$ElementFinder$2.findElement(ElementLocation.java:165)\r\n\tat org.openqa.selenium.remote.ElementLocation.findElement(ElementLocation.java:59)\r\n\tat org.openqa.selenium.remote.RemoteWebDriver.findElement(RemoteWebDriver.java:359)\r\n\tat org.openqa.selenium.remote.RemoteWebDriver.findElement(RemoteWebDriver.java:353)\r\n\tat org.openqa.selenium.support.ui.ExpectedConditions$6.apply(ExpectedConditions.java:171)\r\n\tat org.openqa.selenium.support.ui.ExpectedConditions$6.apply(ExpectedConditions.java:168)\r\n\tat org.openqa.selenium.support.ui.FluentWait.until(FluentWait.java:205)\r\n\t... 24 more\r\n"},"stage":"finished","steps":[{"name":"Opening application URL. https://coolstuffqat.fivebelow.com","status":"passed","stage":"finished","steps":[],"attachments":[],"parameters":[],"start":1703414172028,"stop":1703414172028},{"name":"Accpeting browser cookies","status":"passed","stage":"finished","steps":[],"attachments":[],"parameters":[],"start":1703414183699,"stop":1703414183699},{"name":"<a href=../screenshot/LoginFirstTest_2023-Dec-24-16-07-57.PNG target=_blank>SCREENSHOT</a>","status":"passed","stage":"finished","steps":[],"attachments":[],"parameters":[],"start":1703414278859,"stop":1703414278859}],"attachments":[{"name":"LoginFirstTest","source":"8fdf06c5-7b29-45ff-8d9e-1e9f268ece33-attachment"}],"parameters":[],"start":1703414171892,"stop":1703414278896}