{"uuid":"829ba40d-f284-4736-9fa2-0b7fa203b613","historyId":"8e4ec024c5c0c5ae5bc56fc14ef96015","fullName":"ecommerce.testcases.AppiumDriverFactoryTestClass.mobileAppTest","labels":[{"name":"package","value":"ecommerce.testcases.AppiumDriverFactoryTestClass"},{"name":"testClass","value":"ecommerce.testcases.AppiumDriverFactoryTestClass"},{"name":"testMethod","value":"mobileAppTest"},{"name":"parentSuite","value":"Default Suite"},{"name":"suite","value":"Test-1"},{"name":"subSuite","value":"ecommerce.testcases.AppiumDriverFactoryTestClass"},{"name":"host","value":"Jignesh"},{"name":"thread","value":"19968@Jignesh.TestNG-test=Test-1-1(30)"},{"name":"framework","value":"testng"},{"name":"language","value":"java"}],"links":[],"name":"mobileAppTest","status":"broken","statusDetails":{"known":false,"muted":false,"flaky":false,"message":"//input[@id='i_am_a_textbox'] not present in the page. ","trace":"java.lang.RuntimeException: //input[@id='i_am_a_textbox'] not present in the page. \r\n\tat framework.core.Action.waitForElementPresence(Action.java:151)\r\n\tat framework.core.Action.sendKeys(Action.java:264)\r\n\tat ecommerce.testcases.AppiumDriverFactoryTestClass.mobileAppTest(AppiumDriverFactoryTestClass.java:41)\r\n\tat java.base/jdk.internal.reflect.NativeMethodAccessorImpl.invoke0(Native Method)\r\n\tat java.base/jdk.internal.reflect.NativeMethodAccessorImpl.invoke(NativeMethodAccessorImpl.java:77)\r\n\tat java.base/jdk.internal.reflect.DelegatingMethodAccessorImpl.invoke(DelegatingMethodAccessorImpl.java:43)\r\n\tat java.base/java.lang.reflect.Method.invoke(Method.java:568)\r\n\tat org.testng.internal.invokers.MethodInvocationHelper.invokeMethod(MethodInvocationHelper.java:139)\r\n\tat org.testng.internal.invokers.MethodInvocationHelper$1.runTestMethod(MethodInvocationHelper.java:258)\r\n\tat framework.testNG.TestMonitor.run(TestMonitor.java:129)\r\n\tat org.testng.internal.invokers.MethodInvocationHelper.invokeHookable(MethodInvocationHelper.java:272)\r\n\tat org.testng.internal.invokers.TestInvoker.invokeMethod(TestInvoker.java:656)\r\n\tat org.testng.internal.invokers.TestInvoker.invokeTestMethod(TestInvoker.java:227)\r\n\tat org.testng.internal.invokers.MethodRunner.runInSequence(MethodRunner.java:50)\r\n\tat org.testng.internal.invokers.TestInvoker$MethodInvocationAgent.invoke(TestInvoker.java:957)\r\n\tat org.testng.internal.invokers.TestInvoker.invokeTestMethods(TestInvoker.java:200)\r\n\tat org.testng.internal.invokers.TestMethodWorker.invokeTestMethods(TestMethodWorker.java:148)\r\n\tat org.testng.internal.invokers.TestMethodWorker.run(TestMethodWorker.java:128)\r\n\tat java.base/java.util.concurrent.ThreadPoolExecutor.runWorker(ThreadPoolExecutor.java:1136)\r\n\tat java.base/java.util.concurrent.ThreadPoolExecutor$Worker.run(ThreadPoolExecutor.java:635)\r\n\tat java.base/java.lang.Thread.run(Thread.java:840)\r\nCaused by: java.lang.IllegalArgumentException: Locator must be set\r\n\tat org.openqa.selenium.internal.Require.nonNull(Require.java:60)\r\n\tat org.openqa.selenium.remote.RemoteWebDriver.findElement(RemoteWebDriver.java:348)\r\n\tat org.openqa.selenium.support.ui.ExpectedConditions$6.apply(ExpectedConditions.java:171)\r\n\tat org.openqa.selenium.support.ui.ExpectedConditions$6.apply(ExpectedConditions.java:168)\r\n\tat org.openqa.selenium.support.ui.FluentWait.until(FluentWait.java:203)\r\n\tat framework.core.Action.waitForElementPresence(Action.java:149)\r\n\t... 20 more\r\n"},"stage":"finished","steps":[{"name":"<font face=\"Calibri, sans-serif\"><a href=../screenshot/mobileAppTest_2024-Feb-18-18-10-04.PNG target=_blank>SCREENSHOT</a></font>","status":"passed","stage":"finished","steps":[],"attachments":[],"parameters":[],"start":1708260004568,"stop":1708260004568}],"attachments":[{"name":"mobileAppTest","source":"f78f9bbc-2659-42fa-849d-419e5c52a7d6-attachment"}],"parameters":[{"name":"appiumServerPort","value":"7500"},{"name":"appiumServerHost","value":"localhost"}],"start":1708259991846,"stop":1708260004575}