{"uuid":"a82a5569-ba7b-41cc-8fbd-aced2f8d65e4","historyId":"8e4ec024c5c0c5ae5bc56fc14ef96015","fullName":"ecommerce.testcases.AppiumDriverFactoryTestClass.mobileAppTest","labels":[{"name":"package","value":"ecommerce.testcases.AppiumDriverFactoryTestClass"},{"name":"testClass","value":"ecommerce.testcases.AppiumDriverFactoryTestClass"},{"name":"testMethod","value":"mobileAppTest"},{"name":"parentSuite","value":"Default Suite"},{"name":"suite","value":"Test-1"},{"name":"subSuite","value":"ecommerce.testcases.AppiumDriverFactoryTestClass"},{"name":"host","value":"Jignesh"},{"name":"thread","value":"24688@Jignesh.TestNG-test=Test-1-1(30)"},{"name":"framework","value":"testng"},{"name":"language","value":"java"}],"links":[],"name":"mobileAppTest","status":"broken","statusDetails":{"known":false,"muted":false,"flaky":false,"message":"round btn not present in the page. ","trace":"java.lang.RuntimeException: round btn not present in the page. \r\n\tat framework.appium.core.Action.waitForElementPresence(Action.java:173)\r\n\tat framework.appium.core.AndroidAction.longClickGesture(AndroidAction.java:188)\r\n\tat ecommerce.testcases.AppiumDriverFactoryTestClass.mobileAppTest(AppiumDriverFactoryTestClass.java:45)\r\n\tat java.base/jdk.internal.reflect.NativeMethodAccessorImpl.invoke0(Native Method)\r\n\tat java.base/jdk.internal.reflect.NativeMethodAccessorImpl.invoke(NativeMethodAccessorImpl.java:77)\r\n\tat java.base/jdk.internal.reflect.DelegatingMethodAccessorImpl.invoke(DelegatingMethodAccessorImpl.java:43)\r\n\tat java.base/java.lang.reflect.Method.invoke(Method.java:568)\r\n\tat org.testng.internal.invokers.MethodInvocationHelper.invokeMethod(MethodInvocationHelper.java:139)\r\n\tat org.testng.internal.invokers.MethodInvocationHelper$1.runTestMethod(MethodInvocationHelper.java:258)\r\n\tat framework.testNG.TestMonitor.run(TestMonitor.java:129)\r\n\tat org.testng.internal.invokers.MethodInvocationHelper.invokeHookable(MethodInvocationHelper.java:272)\r\n\tat org.testng.internal.invokers.TestInvoker.invokeMethod(TestInvoker.java:656)\r\n\tat org.testng.internal.invokers.TestInvoker.invokeTestMethod(TestInvoker.java:227)\r\n\tat org.testng.internal.invokers.MethodRunner.runInSequence(MethodRunner.java:50)\r\n\tat org.testng.internal.invokers.TestInvoker$MethodInvocationAgent.invoke(TestInvoker.java:957)\r\n\tat org.testng.internal.invokers.TestInvoker.invokeTestMethods(TestInvoker.java:200)\r\n\tat org.testng.internal.invokers.TestMethodWorker.invokeTestMethods(TestMethodWorker.java:148)\r\n\tat org.testng.internal.invokers.TestMethodWorker.run(TestMethodWorker.java:128)\r\n\tat java.base/java.util.concurrent.ThreadPoolExecutor.runWorker(ThreadPoolExecutor.java:1136)\r\n\tat java.base/java.util.concurrent.ThreadPoolExecutor$Worker.run(ThreadPoolExecutor.java:635)\r\n\tat java.base/java.lang.Thread.run(Thread.java:840)\r\nCaused by: org.openqa.selenium.TimeoutException: Expected condition failed: waiting for presence of element located by: AppiumBy.accessibilityId: io.appium.android.apis:id/drag_dot_1 (tried for 90 second(s) with 500 milliseconds interval)\r\n\tat org.openqa.selenium.support.ui.WebDriverWait.timeoutException(WebDriverWait.java:84)\r\n\tat org.openqa.selenium.support.ui.FluentWait.until(FluentWait.java:228)\r\n\tat framework.appium.core.Action.waitForElementPresence(Action.java:170)\r\n\t... 20 more\r\nCaused by: org.openqa.selenium.NoSuchElementException: An element could not be located on the page using the given search parameters.\nFor documentation on this error, please visit: https://www.selenium.dev/documentation/webdriver/troubleshooting/errors#no-such-element-exception\nBuild info: version: '4.17.0', revision: 'e52b1be057*'\nSystem info: os.name: 'Windows 11', os.arch: 'amd64', os.version: '10.0', java.version: '17.0.9'\nDriver info: io.appium.java_client.android.AndroidDriver\nCommand: [507ea051-0803-49f0-a697-3479b0a99e9a, findElement {value=io.appium.android.apis:id/drag_dot_1, using=accessibility id}]\nCapabilities {appium:appActivity: io.appium.android.apis.ApiD..., appium:appPackage: io.appium.android.apis, appium:automationName: UiAutomator2, appium:databaseEnabled: false, appium:desired: {appActivity: io.appium.android.apis.ApiD..., appPackage: io.appium.android.apis, automationName: UiAutomator2, deviceName: Pixel_3a_API_34_extension_l..., platformName: ANDROID, udid: emulator-5554, unlockKey: 2001, unlockType: pin}, appium:deviceApiLevel: 34, appium:deviceManufacturer: Google, appium:deviceModel: sdk_gphone64_x86_64, appium:deviceName: emulator-5554, appium:deviceScreenDensity: 440, appium:deviceScreenSize: 1080x2220, appium:deviceUDID: emulator-5554, appium:javascriptEnabled: true, appium:locationContextEnabled: false, appium:networkConnectionEnabled: true, appium:pixelRatio: 2.75, appium:platformVersion: 14, appium:statBarHeight: 66, appium:takesScreenshot: true, appium:udid: emulator-5554, appium:unlockKey: 2001, appium:unlockType: pin, appium:viewportRect: {height: 2154, left: 0, top: 66, width: 1080}, appium:warnings: {}, appium:webStorageEnabled: false, platformName: ANDROID}\nSession ID: 507ea051-0803-49f0-a697-3479b0a99e9a\r\n\tat jdk.internal.reflect.GeneratedConstructorAccessor17.newInstance(Unknown Source)\r\n\tat java.base/jdk.internal.reflect.DelegatingConstructorAccessorImpl.newInstance(DelegatingConstructorAccessorImpl.java:45)\r\n\tat java.base/java.lang.reflect.Constructor.newInstanceWithCaller(Constructor.java:499)\r\n\tat java.base/java.lang.reflect.Constructor.newInstance(Constructor.java:480)\r\n\tat org.openqa.selenium.remote.codec.w3c.W3CHttpResponseCodec.createException(W3CHttpResponseCodec.java:185)\r\n\tat org.openqa.selenium.remote.codec.w3c.W3CHttpResponseCodec.decode(W3CHttpResponseCodec.java:134)\r\n\tat org.openqa.selenium.remote.codec.w3c.W3CHttpResponseCodec.decode(W3CHttpResponseCodec.java:51)\r\n\tat org.openqa.selenium.remote.HttpCommandExecutor.execute(HttpCommandExecutor.java:190)\r\n\tat io.appium.java_client.remote.AppiumCommandExecutor.execute(AppiumCommandExecutor.java:237)\r\n\tat org.openqa.selenium.remote.RemoteWebDriver.execute(RemoteWebDriver.java:519)\r\n\tat org.openqa.selenium.remote.ElementLocation$ElementFinder$2.findElement(ElementLocation.java:165)\r\n\tat org.openqa.selenium.remote.ElementLocation.findElement(ElementLocation.java:59)\r\n\tat org.openqa.selenium.remote.RemoteWebDriver.findElement(RemoteWebDriver.java:356)\r\n\tat org.openqa.selenium.remote.RemoteWebDriver.findElement(RemoteWebDriver.java:350)\r\n\tat org.openqa.selenium.support.ui.ExpectedConditions$6.apply(ExpectedConditions.java:171)\r\n\tat org.openqa.selenium.support.ui.ExpectedConditions$6.apply(ExpectedConditions.java:168)\r\n\tat org.openqa.selenium.support.ui.FluentWait.until(FluentWait.java:203)\r\n\t... 21 more\r\n"},"stage":"finished","steps":[{"name":"<font face=\"Calibri, sans-serif\"><a href=../screenshot/mobileAppTest_2024-Feb-22-15-26-36.PNG target=_blank>SCREENSHOT</a></font>","status":"passed","stage":"finished","steps":[],"attachments":[],"parameters":[],"start":1708595797392,"stop":1708595797393}],"attachments":[{"name":"mobileAppTest","source":"bd7efcea-4be1-4975-b60a-713adfbc1b77-attachment"}],"parameters":[{"name":"appiumServerPort","value":"7500"},{"name":"appiumServerHost","value":"localhost"}],"start":1708595702801,"stop":1708595797403}