{"uuid":"d603fb16-6a13-467c-bee6-8421df448058","historyId":"8e4ec024c5c0c5ae5bc56fc14ef96015","fullName":"ecommerce.testcases.AppiumDriverFactoryTestClass.mobileAppTest","labels":[{"name":"package","value":"ecommerce.testcases.AppiumDriverFactoryTestClass"},{"name":"testClass","value":"ecommerce.testcases.AppiumDriverFactoryTestClass"},{"name":"testMethod","value":"mobileAppTest"},{"name":"parentSuite","value":"Default Suite"},{"name":"suite","value":"Test-1"},{"name":"subSuite","value":"ecommerce.testcases.AppiumDriverFactoryTestClass"},{"name":"host","value":"Jignesh"},{"name":"thread","value":"24388@Jignesh.TestNG-test=Test-1-1(30)"},{"name":"framework","value":"testng"},{"name":"language","value":"java"}],"links":[],"name":"mobileAppTest","status":"broken","statusDetails":{"known":false,"muted":false,"flaky":false,"message":"Not able to scroll to the element Element","trace":"java.lang.RuntimeException: Not able to scroll to the element Element\r\n\tat framework.appium.core.Action.scrollIntoView(Action.java:615)\r\n\tat ecommerce.testcases.AppiumDriverFactoryTestClass.mobileAppTest(AppiumDriverFactoryTestClass.java:35)\r\n\tat java.base/jdk.internal.reflect.NativeMethodAccessorImpl.invoke0(Native Method)\r\n\tat java.base/jdk.internal.reflect.NativeMethodAccessorImpl.invoke(NativeMethodAccessorImpl.java:77)\r\n\tat java.base/jdk.internal.reflect.DelegatingMethodAccessorImpl.invoke(DelegatingMethodAccessorImpl.java:43)\r\n\tat java.base/java.lang.reflect.Method.invoke(Method.java:568)\r\n\tat org.testng.internal.invokers.MethodInvocationHelper.invokeMethod(MethodInvocationHelper.java:139)\r\n\tat org.testng.internal.invokers.MethodInvocationHelper$1.runTestMethod(MethodInvocationHelper.java:258)\r\n\tat framework.testNG.TestMonitor.run(TestMonitor.java:129)\r\n\tat org.testng.internal.invokers.MethodInvocationHelper.invokeHookable(MethodInvocationHelper.java:272)\r\n\tat org.testng.internal.invokers.TestInvoker.invokeMethod(TestInvoker.java:656)\r\n\tat org.testng.internal.invokers.TestInvoker.invokeTestMethod(TestInvoker.java:227)\r\n\tat org.testng.internal.invokers.MethodRunner.runInSequence(MethodRunner.java:50)\r\n\tat org.testng.internal.invokers.TestInvoker$MethodInvocationAgent.invoke(TestInvoker.java:957)\r\n\tat org.testng.internal.invokers.TestInvoker.invokeTestMethods(TestInvoker.java:200)\r\n\tat org.testng.internal.invokers.TestMethodWorker.invokeTestMethods(TestMethodWorker.java:148)\r\n\tat org.testng.internal.invokers.TestMethodWorker.run(TestMethodWorker.java:128)\r\n\tat java.base/java.util.concurrent.ThreadPoolExecutor.runWorker(ThreadPoolExecutor.java:1136)\r\n\tat java.base/java.util.concurrent.ThreadPoolExecutor$Worker.run(ThreadPoolExecutor.java:635)\r\n\tat java.base/java.lang.Thread.run(Thread.java:840)\r\nCaused by: java.lang.RuntimeException: Element find by type is not defined\r\n\tat framework.appium.core.Action.by(Action.java:71)\r\n\tat framework.appium.core.Action.findElement(Action.java:82)\r\n\tat framework.appium.core.Action.scrollIntoView(Action.java:607)\r\n\t... 19 more\r\n"},"stage":"finished","steps":[{"name":"<font face=\"Calibri, sans-serif\"><a href=../screenshot/mobileAppTest_2024-Feb-18-17-21-51.PNG target=_blank>SCREENSHOT</a></font>","status":"passed","stage":"finished","steps":[],"attachments":[],"parameters":[],"start":1708257111791,"stop":1708257111792}],"attachments":[{"name":"mobileAppTest","source":"7e245193-e303-4d13-9056-33074bec891f-attachment"}],"parameters":[{"name":"appiumServerPort","value":"7500"},{"name":"appiumServerHost","value":"localhost"}],"start":1708257107175,"stop":1708257111800}